<?xml version="1.0" encoding="UTF-8"?>
<!-- Generated by org.testng.reporters.JUnitReportReporter -->
<testsuite hostname="LAPTOP-U43BFJ90" failures="0" tests="3" name="test.AutoLoanCodes" time="0.003" errors="0" timestamp="2025-08-23T20:28:11 EDT" skipped="0">
  <testcase classname="test.AutoLoanCodes" name="dbAutoLoan" time="0.001"/>
  <testcase classname="test.AutoLoanCodes" name="webAutoLoan" time="0.001"/>
  <testcase classname="test.AutoLoanCodes" name="apiAutoLoan" time="0.001"/>
</testsuite> <!-- test.AutoLoanCodes -->
