<?xml version="1.0" encoding="UTF-8"?>
<!-- Generated by org.testng.reporters.JUnitReportReporter -->
<testsuite hostname="LAPTOP-U43BFJ90" failures="0" tests="3" name="test.HomeLoanCodes" time="0.008" errors="0" timestamp="2025-08-23T20:28:11 EDT" skipped="0">
  <testcase classname="test.HomeLoanCodes" name="dbHomeLoan" time="0.001"/>
  <testcase classname="test.HomeLoanCodes" name="apiHomeLoan" time="0.006"/>
  <testcase classname="test.HomeLoanCodes" name="webHomeLoan" time="0.001"/>
</testsuite> <!-- test.HomeLoanCodes -->
