<?xml version="1.0" encoding="UTF-8"?>
<!-- Generated by org.testng.reporters.JUnitReportReporter -->
<testsuite hostname="LAPTOP-U43BFJ90" failures="0" tests="3" name="test.HomeLoanCodes" time="0.010" errors="0" timestamp="2025-08-18T19:33:53 EDT" skipped="0">
  <testcase classname="test.HomeLoanCodes" name="apiHomeLoan" time="0.007"/>
  <testcase classname="test.HomeLoanCodes" name="webHomeLoan" time="0.001"/>
  <testcase classname="test.HomeLoanCodes" name="dbHomeLoan" time="0.002"/>
</testsuite> <!-- test.HomeLoanCodes -->
