<?xml version="1.0" encoding="UTF-8"?>
<!-- Generated by org.testng.reporters.JUnitReportReporter -->
<testsuite hostname="LAPTOP-U43BFJ90" failures="0" tests="7" name="test.testRandom" time="0.012" errors="0" timestamp="2025-08-18T19:33:53 EDT" skipped="0">
  <testcase classname="test.testRandom" name="randomStringWithAlphabets" time="0.002"/>
  <testcase classname="test.testRandom" name="randomNumericString" time="0.001"/>
  <testcase classname="test.testRandom" name="randomAnyString" time="0.002"/>
  <testcase classname="test.testRandom" name="randomIntegerNumber" time="0.001"/>
  <testcase classname="test.testRandom" name="randomDoubleNumber" time="0.003"/>
  <testcase classname="test.testRandom" name="randomEmailGenerator" time="0.002"/>
  <testcase classname="test.testRandom" name="randomAlphaNumericString" time="0.001"/>
</testsuite> <!-- test.testRandom -->
