<?xml version="1.0" encoding="UTF-8"?>
<!-- Generated by org.testng.reporters.JUnitReportReporter -->
<testsuite hostname="LAPTOP-U43BFJ90" failures="0" tests="3" name="test.PersonalLoanCodes" time="0.002" errors="0" timestamp="2025-08-23T20:28:11 EDT" skipped="0">
  <testcase classname="test.PersonalLoanCodes" name="webPersonalLoan" time="0.000"/>
  <testcase classname="test.PersonalLoanCodes" name="dbPersonalLoan" time="0.001"/>
  <testcase classname="test.PersonalLoanCodes" name="apiPersonalLoan" time="0.001"/>
</testsuite> <!-- test.PersonalLoanCodes -->
