<?xml version="1.0" encoding="UTF-8"?>
<!-- Generated by org.testng.reporters.JUnitReportReporter -->
<testsuite hostname="LAPTOP-U43BFJ90" failures="0" tests="2" name="test.code1" time="0.007" errors="0" timestamp="2025-01-24T16:45:35 EST" skipped="0">
  <testcase classname="test.code1" name="method1" time="0.006"/>
  <system-out/>
  <testcase classname="test.code1" name="method2" time="0.001"/>
  <system-out/>
</testsuite> <!-- test.code1 -->
